<?xml version="1.0" encoding="UTF-8"?>
<testng-results ignored="0" total="1" passed="1" failed="0" skipped="0">
  <reporter-output>
  </reporter-output>
  <suite started-at="2022-04-11T15:36:49 IST" name="Suite" finished-at="2022-04-11T15:37:02 IST" duration-ms="13676">
    <groups>
    </groups>
    <test started-at="2022-04-11T15:36:49 IST" name="helloworld" finished-at="2022-04-11T15:37:02 IST" duration-ms="13676">
      <class name="test">
        <test-method signature="hello()[pri:0, instance:test@7c24b813]" started-at="2022-04-11T15:36:49 IST" name="hello" finished-at="2022-04-11T15:37:02 IST" duration-ms="13540" status="PASS">
          <reporter-output>
          </reporter-output>
        </test-method> <!-- hello -->
      </class> <!-- test -->
    </test> <!-- helloworld -->
  </suite> <!-- Suite -->
</testng-results>
